<?xml version="1.0" encoding="UTF-8"?>
<!-- Generated by org.testng.reporters.JUnitXMLReporter -->
<testsuite ignored="0" hostname="DESKTOP-IN0UN1N" failures="0" tests="3" name="Default test" time="13.254" errors="0" timestamp="2022-06-24T19:36:14 IST">
  <testcase classname="KiteAppTestClasses.VctcScrollScreenshotProperty" name="ScrolltoRadioButton" time="0.314"/>
  <testcase classname="KiteAppTestClasses.VctcScrollScreenshotProperty" name="ScrollintoHidebutton" time="0.259"/>
  <testcase classname="KiteAppTestClasses.VctcScrollScreenshotProperty" name="Scrollintoiframe" time="0.797"/>
</testsuite> <!-- Default test -->
