<?xml version="1.0" encoding="UTF-8"?>
<!-- Generated by org.testng.reporters.JUnitXMLReporter -->
<testsuite ignored="2" hostname="DESKTOP-IN0UN1N" failures="0" tests="3" name="MyTest1" time="0.057" errors="0" timestamp="2022-06-13T12:56:39 IST">
  <testcase classname="testNG_xmlStudy.MyTest" name="Mymethod2" time="0.009"/>
  <testcase classname="testNG_xmlStudy.MyTest" name="Mymethod3" time="0.001"/>
  <testcase classname="testNG_xmlStudy.MyTest" name="Mymethod5" time="0.001"/>
  <testcase classname="testNG_xmlStudy.MyTest" name="Mymethod4" time="0.0">
    <ignored/>
  </testcase> <!-- Mymethod4 -->
  <testcase classname="testNG_xmlStudy.MyTest" name="Mymethod1" time="0.0">
    <ignored/>
  </testcase> <!-- Mymethod1 -->
</testsuite> <!-- MyTest1 -->
