<?xml version="1.0" encoding="UTF-8"?>
<!-- Generated by org.testng.reporters.JUnitXMLReporter -->
<testsuite ignored="2" hostname="DESKTOP-IN0UN1N" failures="0" tests="3" name="MyTest2" time="0.065" errors="0" timestamp="2022-06-13T12:58:40 IST">
  <testcase classname="testNG_xmlStudy.MyTest2" name="Mymethod6" time="0.011"/>
  <testcase classname="testNG_xmlStudy.MyTest2" name="Mymethod7" time="0.001"/>
  <testcase classname="testNG_xmlStudy.MyTest2" name="Mymethod9" time="0.001"/>
  <testcase classname="testNG_xmlStudy.MyTest2" name="Mymethod8" time="0.0">
    <ignored/>
  </testcase> <!-- Mymethod8 -->
  <testcase classname="testNG_xmlStudy.MyTest2" name="Mymethod10" time="0.0">
    <ignored/>
  </testcase> <!-- Mymethod10 -->
</testsuite> <!-- MyTest2 -->
