<?xml version="1.0" encoding="UTF-8"?>
<!-- Generated by org.testng.reporters.JUnitXMLReporter -->
<testsuite ignored="0" hostname="DESKTOP-IN0UN1N" failures="1" tests="4" name="Test" time="0.14" errors="0" timestamp="2022-06-23T06:09:08 IST">
  <testcase classname="testNGListeners.MumbaiTest" name="Panvel" time="0.012"/>
  <testcase classname="testNGListeners.MumbaiTest" name="vashi" time="0.005">
    <failure type="java.lang.AssertionError" message="null">
      <![CDATA[java.lang.AssertionError: null
at testNGListeners.MumbaiTest.vashi(MumbaiTest.java:11)
at java.base/java.util.ArrayList.forEach(ArrayList.java:1541)
... Removed 29 stack frames]]>
    </failure>
  </testcase> <!-- vashi -->
  <testcase classname="testNGListeners.PuneTest" name="Hadapsar" time="0.002"/>
  <testcase classname="testNGListeners.PuneTest" name="Swargate" time="0.002"/>
</testsuite> <!-- Test -->
