<?xml version="1.0" encoding="UTF-8"?>
<!-- Generated by org.testng.reporters.JUnitXMLReporter -->
<testsuite ignored="3" hostname="DESKTOP-IN0UN1N" failures="2" tests="2" name="Test(failed)" time="0.066" errors="0" timestamp="2022-06-14T17:17:33 IST">
  <testcase classname="testNG_xmlStudy.MyTest5" name="Mymethod4" time="0.011">
    <failure type="java.lang.AssertionError" message="null">
      <![CDATA[java.lang.AssertionError: null
at testNG_xmlStudy.MyTest5.Mymethod4(MyTest5.java:27)
at java.base/java.util.ArrayList.forEach(ArrayList.java:1541)
... Removed 29 stack frames]]>
    </failure>
  </testcase> <!-- Mymethod4 -->
  <testcase classname="testNG_xmlStudy.MyTest5" name="Mymethod2" time="0.001">
    <failure type="java.lang.AssertionError" message="null">
      <![CDATA[java.lang.AssertionError: null
at testNG_xmlStudy.MyTest5.Mymethod2(MyTest5.java:16)
at java.base/java.util.ArrayList.forEach(ArrayList.java:1541)
... Removed 29 stack frames]]>
    </failure>
  </testcase> <!-- Mymethod2 -->
  <testcase classname="testNG_xmlStudy.MyTest5" name="Mymethod5" time="0.0">
    <ignored/>
  </testcase> <!-- Mymethod5 -->
  <testcase classname="testNG_xmlStudy.MyTest5" name="Mymethod1" time="0.0">
    <ignored/>
  </testcase> <!-- Mymethod1 -->
  <testcase classname="testNG_xmlStudy.MyTest5" name="Mymethod3" time="0.0">
    <ignored/>
  </testcase> <!-- Mymethod3 -->
</testsuite> <!-- Test(failed) -->
