<?xml version="1.0" encoding="UTF-8"?>
<testng-results ignored="0" total="3" passed="3" failed="0" skipped="0">
  <reporter-output>
    <line>
      <![CDATA[Launching Browser]]>
    </line>
  </reporter-output>
  <suite started-at="2022-06-24T19:36:01 IST" name="Default suite" finished-at="2022-06-24T19:36:14 IST" duration-ms="13254">
    <groups>
    </groups>
    <test started-at="2022-06-24T19:36:01 IST" name="Default test" finished-at="2022-06-24T19:36:14 IST" duration-ms="13254">
      <class name="KiteAppTestClasses.VctcScrollScreenshotProperty">
        <test-method is-config="true" signature="LaunchBrowser()[pri:0, instance:KiteAppTestClasses.VctcScrollScreenshotProperty@4d5650ae]" started-at="2022-06-24T19:36:01 IST" name="LaunchBrowser" finished-at="2022-06-24T19:36:13 IST" duration-ms="11818" status="PASS">
          <reporter-output>
            <line>
              <![CDATA[Launching Browser]]>
            </line>
          </reporter-output>
        </test-method> <!-- LaunchBrowser -->
        <test-method signature="ScrolltoRadioButton()[pri:1, instance:KiteAppTestClasses.VctcScrollScreenshotProperty@4d5650ae]" started-at="2022-06-24T19:36:13 IST" name="ScrolltoRadioButton" finished-at="2022-06-24T19:36:13 IST" duration-ms="314" status="PASS">
          <reporter-output>
          </reporter-output>
        </test-method> <!-- ScrolltoRadioButton -->
        <test-method signature="ScrollintoHidebutton()[pri:2, instance:KiteAppTestClasses.VctcScrollScreenshotProperty@4d5650ae]" started-at="2022-06-24T19:36:13 IST" name="ScrollintoHidebutton" finished-at="2022-06-24T19:36:13 IST" duration-ms="259" status="PASS">
          <reporter-output>
          </reporter-output>
        </test-method> <!-- ScrollintoHidebutton -->
        <test-method signature="Scrollintoiframe()[pri:3, instance:KiteAppTestClasses.VctcScrollScreenshotProperty@4d5650ae]" started-at="2022-06-24T19:36:13 IST" name="Scrollintoiframe" finished-at="2022-06-24T19:36:14 IST" duration-ms="797" status="PASS">
          <reporter-output>
          </reporter-output>
        </test-method> <!-- Scrollintoiframe -->
      </class> <!-- KiteAppTestClasses.VctcScrollScreenshotProperty -->
    </test> <!-- Default test -->
  </suite> <!-- Default suite -->
</testng-results>
